<?xml version="1.0" encoding="UTF-8"?>
<!-- Generated by org.testng.reporters.JUnitXMLReporter -->
<testsuite ignored="0" hostname="anvi" failures="1" tests="1" name="Test" time="15.576" errors="0" timestamp="2026-04-22T16:45:10 IST">
  <testcase classname="Web.Test.failTC" name="loginfail" time="2.798">
    <failure type="java.lang.AssertionError" message="expected [true] but found [false]">
      <![CDATA[java.lang.AssertionError: expected [true] but found [false]
at Web.Test.failTC.loginfail(failTC.java:20)
at java.base/java.util.ArrayList.forEach(ArrayList.java:1511)
... Removed 31 stack frames]]>
    </failure>
  </testcase> <!-- loginfail -->
</testsuite> <!-- Test -->
