<?xml version="1.0" encoding="UTF-8"?>
<testng-results ignored="0" total="1" passed="1" failed="0" skipped="0">
  <reporter-output>
  </reporter-output>
  <suite started-at="2026-04-17T14:50:37 IST" name="Default suite" finished-at="2026-04-17T14:50:56 IST" duration-ms="18618">
    <groups>
    </groups>
    <test started-at="2026-04-17T14:50:37 IST" name="Default test" finished-at="2026-04-17T14:50:56 IST" duration-ms="18618">
      <class name="Web.Test.LoginTest">
        <test-method is-config="true" signature="setup()[pri:0, instance:Web.Test.LoginTest@66ea810]" started-at="2026-04-17T14:50:37 IST" name="setup" finished-at="2026-04-17T14:50:52 IST" duration-ms="15131" status="PASS">
          <reporter-output>
          </reporter-output>
        </test-method> <!-- setup -->
        <test-method signature="Login()[pri:0, instance:Web.Test.LoginTest@66ea810]" started-at="2026-04-17T14:50:53 IST" name="Login" finished-at="2026-04-17T14:50:55 IST" duration-ms="2969" status="PASS">
          <reporter-output>
          </reporter-output>
        </test-method> <!-- Login -->
        <test-method is-config="true" signature="tearDown()[pri:0, instance:Web.Test.LoginTest@66ea810]" started-at="2026-04-17T14:50:55 IST" name="tearDown" finished-at="2026-04-17T14:50:56 IST" duration-ms="360" status="PASS">
          <reporter-output>
          </reporter-output>
        </test-method> <!-- tearDown -->
      </class> <!-- Web.Test.LoginTest -->
    </test> <!-- Default test -->
  </suite> <!-- Default suite -->
</testng-results>
