<?xml version="1.0" encoding="UTF-8"?>
<testng-results ignored="0" total="1" passed="1" failed="0" skipped="0">
  <reporter-output>
  </reporter-output>
  <suite started-at="2026-04-17T13:18:58 IST" name="Default suite" finished-at="2026-04-17T13:19:12 IST" duration-ms="14297">
    <groups>
    </groups>
    <test started-at="2026-04-17T13:18:58 IST" name="Default test" finished-at="2026-04-17T13:19:12 IST" duration-ms="14297">
      <class name="WebAutomation.com.WebAutomation.com.BranchSmokeTestTestNG">
        <test-method signature="smokeTest()[pri:0, instance:WebAutomation.com.WebAutomation.com.BranchSmokeTestTestNG@626abbd0]" started-at="2026-04-17T13:18:58 IST" name="smokeTest" finished-at="2026-04-17T13:19:12 IST" duration-ms="14155" status="PASS">
          <reporter-output>
          </reporter-output>
        </test-method> <!-- smokeTest -->
      </class> <!-- WebAutomation.com.WebAutomation.com.BranchSmokeTestTestNG -->
    </test> <!-- Default test -->
  </suite> <!-- Default suite -->
</testng-results>
