<?xml version="1.0" encoding="UTF-8"?>
<!-- Generated by org.testng.reporters.JUnitReportReporter -->
<testsuite hostname="POOLW42SLPC7877" failures="0" tests="1" name="WebAutomation.com.WebAutomation.com.OrangeLoginDropdown" time="27.847" errors="0" timestamp="2026-04-22T16:54:52 IST" skipped="0">
  <testcase classname="WebAutomation.com.WebAutomation.com.OrangeLoginDropdown" name="loginAndSearchByUserRole" time="27.847"/>
  <system-out/>
</testsuite> <!-- WebAutomation.com.WebAutomation.com.OrangeLoginDropdown -->
