<?xml version="1.0" encoding="UTF-8"?>
<!-- Generated by org.testng.reporters.JUnitReportReporter -->
<testsuite hostname="POOLW42SLPC7877" failures="0" tests="1" name="WebAutomation.com.WebAutomation.com.BranchSmokeTestTestNG" time="14.155" errors="0" timestamp="2026-04-17T13:19:13 IST" skipped="0">
  <testcase classname="WebAutomation.com.WebAutomation.com.BranchSmokeTestTestNG" name="smokeTest" time="14.155"/>
  <system-out/>
</testsuite> <!-- WebAutomation.com.WebAutomation.com.BranchSmokeTestTestNG -->
