<?xml version="1.0" encoding="UTF-8"?>
<!-- Generated by org.testng.reporters.JUnitReportReporter -->
<testsuite hostname="POOLW42SLPC7877" failures="0" tests="1" name="WebAutomation.com.WebAutomation.com.OrangeLoginDropdown" time="32.910" errors="0" timestamp="2026-04-16T20:52:04 IST" skipped="0">
  <testcase classname="WebAutomation.com.WebAutomation.com.OrangeLoginDropdown" name="loginAndSearchByUserRole" time="32.910"/>
  <system-out/>
</testsuite> <!-- WebAutomation.com.WebAutomation.com.OrangeLoginDropdown -->
